17/06/09 17:10:06 INFO executor.CoarseGrainedExecutorBackend: Registered signal handlers for [TERM, HUP, INT]
17/06/09 17:10:06 INFO spark.SecurityManager: Changing view acls to: yarn,curi
17/06/09 17:10:06 INFO spark.SecurityManager: Changing modify acls to: yarn,curi
17/06/09 17:10:06 INFO spark.SecurityManager: SecurityManager: authentication disabled; ui acls disabled; users with view permissions: Set(yarn, curi); users with modify permissions: Set(yarn, curi)
17/06/09 17:10:07 INFO spark.SecurityManager: Changing view acls to: yarn,curi
17/06/09 17:10:07 INFO spark.SecurityManager: Changing modify acls to: yarn,curi
17/06/09 17:10:07 INFO spark.SecurityManager: SecurityManager: authentication disabled; ui acls disabled; users with view permissions: Set(yarn, curi); users with modify permissions: Set(yarn, curi)
17/06/09 17:10:07 INFO slf4j.Slf4jLogger: Slf4jLogger started
17/06/09 17:10:07 INFO Remoting: Starting remoting
17/06/09 17:10:08 INFO Remoting: Remoting started; listening on addresses :[akka.tcp://sparkExecutorActorSystem@mesos-slave-22:37000]
17/06/09 17:10:08 INFO util.Utils: Successfully started service 'sparkExecutorActorSystem' on port 37000.
17/06/09 17:10:08 INFO storage.DiskBlockManager: Created local directory at /opt/hdfs/nodemanager/usercache/curi/appcache/application_1485248649253_0142/blockmgr-a48a7a68-761e-4eca-a6d5-77c48accd288
17/06/09 17:10:08 INFO storage.MemoryStore: MemoryStore started with capacity 17.7 GB
17/06/09 17:10:08 INFO executor.CoarseGrainedExecutorBackend: Connecting to driver: spark://CoarseGrainedScheduler@10.10.34.11:33750
17/06/09 17:10:08 INFO executor.CoarseGrainedExecutorBackend: Successfully registered with driver
17/06/09 17:10:08 INFO executor.Executor: Starting executor ID 37 on host mesos-slave-22
17/06/09 17:10:08 INFO util.Utils: Successfully started service 'org.apache.spark.network.netty.NettyBlockTransferService' on port 60074.
17/06/09 17:10:08 INFO netty.NettyBlockTransferService: Server created on 60074
17/06/09 17:10:08 INFO storage.BlockManagerMaster: Trying to register BlockManager
17/06/09 17:10:08 INFO storage.BlockManagerMaster: Registered BlockManager
17/06/09 17:40:01 ERROR server.TransportChannelHandler: Connection to mesos-master-1/10.10.34.11:33750 has been quiet for 120000 ms while there are outstanding requests. Assuming connection is dead; please adjust spark.network.timeout if this is wrong.
17/06/09 17:40:01 WARN netty.NettyRpcEndpointRef: Error sending message [message = Heartbeat(37,[Lscala.Tuple2;@247f061f,BlockManagerId(37, mesos-slave-22, 60074))] in 1 attempts
org.apache.spark.rpc.RpcTimeoutException: Futures timed out after [120 seconds]. This timeout is controlled by spark.rpc.askTimeout
	at org.apache.spark.rpc.RpcTimeout.org$apache$spark$rpc$RpcTimeout$$createRpcTimeoutException(RpcTimeout.scala:48)
	at org.apache.spark.rpc.RpcTimeout$$anonfun$addMessageIfTimeout$1.applyOrElse(RpcTimeout.scala:63)
	at org.apache.spark.rpc.RpcTimeout$$anonfun$addMessageIfTimeout$1.applyOrElse(RpcTimeout.scala:59)
	at scala.runtime.AbstractPartialFunction.apply(AbstractPartialFunction.scala:33)
	at org.apache.spark.rpc.RpcTimeout.awaitResult(RpcTimeout.scala:76)
	at org.apache.spark.rpc.RpcEndpointRef.askWithRetry(RpcEndpointRef.scala:101)
	at org.apache.spark.rpc.RpcEndpointRef.askWithRetry(RpcEndpointRef.scala:77)
	at org.apache.spark.executor.Executor.org$apache$spark$executor$Executor$$reportHeartBeat(Executor.scala:448)
	at org.apache.spark.executor.Executor$$anon$1$$anonfun$run$1.apply$mcV$sp(Executor.scala:468)
	at org.apache.spark.executor.Executor$$anon$1$$anonfun$run$1.apply(Executor.scala:468)
	at org.apache.spark.executor.Executor$$anon$1$$anonfun$run$1.apply(Executor.scala:468)
	at org.apache.spark.util.Utils$.logUncaughtExceptions(Utils.scala:1741)
	at org.apache.spark.executor.Executor$$anon$1.run(Executor.scala:468)
	at java.util.concurrent.Executors$RunnableAdapter.call(Executors.java:471)
	at java.util.concurrent.FutureTask.runAndReset(FutureTask.java:304)
	at java.util.concurrent.ScheduledThreadPoolExecutor$ScheduledFutureTask.access$301(ScheduledThreadPoolExecutor.java:178)
	at java.util.concurrent.ScheduledThreadPoolExecutor$ScheduledFutureTask.run(ScheduledThreadPoolExecutor.java:293)
	at java.util.concurrent.ThreadPoolExecutor.runWorker(ThreadPoolExecutor.java:1145)
	at java.util.concurrent.ThreadPoolExecutor$Worker.run(ThreadPoolExecutor.java:615)
	at java.lang.Thread.run(Thread.java:745)
Caused by: java.util.concurrent.TimeoutException: Futures timed out after [120 seconds]
	at scala.concurrent.impl.Promise$DefaultPromise.ready(Promise.scala:219)
	at scala.concurrent.impl.Promise$DefaultPromise.result(Promise.scala:223)
	at scala.concurrent.Await$$anonfun$result$1.apply(package.scala:107)
	at scala.concurrent.BlockContext$DefaultBlockContext$.blockOn(BlockContext.scala:53)
	at scala.concurrent.Await$.result(package.scala:107)
	at org.apache.spark.rpc.RpcTimeout.awaitResult(RpcTimeout.scala:75)
	... 15 more
17/06/09 17:40:01 WARN executor.CoarseGrainedExecutorBackend: An unknown (mesos-master-1:33750) driver disconnected.
17/06/09 17:40:01 ERROR executor.CoarseGrainedExecutorBackend: Driver 10.10.34.11:33750 disassociated! Shutting down.
17/06/09 17:40:01 INFO storage.DiskBlockManager: Shutdown hook called
17/06/09 17:40:01 INFO util.ShutdownHookManager: Shutdown hook called
