17/06/09 17:15:41 INFO executor.CoarseGrainedExecutorBackend: Registered signal handlers for [TERM, HUP, INT]
17/06/09 17:15:42 INFO spark.SecurityManager: Changing view acls to: yarn,curi
17/06/09 17:15:42 INFO spark.SecurityManager: Changing modify acls to: yarn,curi
17/06/09 17:15:42 INFO spark.SecurityManager: SecurityManager: authentication disabled; ui acls disabled; users with view permissions: Set(yarn, curi); users with modify permissions: Set(yarn, curi)
17/06/09 17:15:42 INFO spark.SecurityManager: Changing view acls to: yarn,curi
17/06/09 17:15:42 INFO spark.SecurityManager: Changing modify acls to: yarn,curi
17/06/09 17:15:42 INFO spark.SecurityManager: SecurityManager: authentication disabled; ui acls disabled; users with view permissions: Set(yarn, curi); users with modify permissions: Set(yarn, curi)
17/06/09 17:15:42 INFO slf4j.Slf4jLogger: Slf4jLogger started
17/06/09 17:15:42 INFO Remoting: Starting remoting
17/06/09 17:15:43 INFO Remoting: Remoting started; listening on addresses :[akka.tcp://sparkExecutorActorSystem@mesos-slave-06:51416]
17/06/09 17:15:43 INFO util.Utils: Successfully started service 'sparkExecutorActorSystem' on port 51416.
17/06/09 17:15:43 INFO storage.DiskBlockManager: Created local directory at /opt/hdfs/nodemanager/usercache/curi/appcache/application_1485248649253_0142/blockmgr-30da2635-525e-44df-9d93-8cdd6eb33082
17/06/09 17:15:43 INFO storage.MemoryStore: MemoryStore started with capacity 17.7 GB
17/06/09 17:15:43 INFO executor.CoarseGrainedExecutorBackend: Connecting to driver: spark://CoarseGrainedScheduler@10.10.34.11:33750
17/06/09 17:15:43 INFO executor.CoarseGrainedExecutorBackend: Successfully registered with driver
17/06/09 17:15:43 INFO executor.Executor: Starting executor ID 70 on host mesos-slave-06
17/06/09 17:15:43 INFO util.Utils: Successfully started service 'org.apache.spark.network.netty.NettyBlockTransferService' on port 44714.
17/06/09 17:15:43 INFO netty.NettyBlockTransferService: Server created on 44714
17/06/09 17:15:43 INFO storage.BlockManagerMaster: Trying to register BlockManager
17/06/09 17:15:43 INFO storage.BlockManagerMaster: Registered BlockManager
17/06/09 17:35:12 ERROR server.TransportChannelHandler: Connection to mesos-master-1/10.10.34.11:33750 has been quiet for 120000 ms while there are outstanding requests. Assuming connection is dead; please adjust spark.network.timeout if this is wrong.
17/06/09 17:35:12 WARN netty.NettyRpcEndpointRef: Error sending message [message = Heartbeat(70,[Lscala.Tuple2;@48bf54e6,BlockManagerId(70, mesos-slave-06, 44714))] in 1 attempts
org.apache.spark.rpc.RpcTimeoutException: Futures timed out after [120 seconds]. This timeout is controlled by spark.rpc.askTimeout
	at org.apache.spark.rpc.RpcTimeout.org$apache$spark$rpc$RpcTimeout$$createRpcTimeoutException(RpcTimeout.scala:48)
	at org.apache.spark.rpc.RpcTimeout$$anonfun$addMessageIfTimeout$1.applyOrElse(RpcTimeout.scala:63)
	at org.apache.spark.rpc.RpcTimeout$$anonfun$addMessageIfTimeout$1.applyOrElse(RpcTimeout.scala:59)
	at scala.runtime.AbstractPartialFunction.apply(AbstractPartialFunction.scala:33)
	at org.apache.spark.rpc.RpcTimeout.awaitResult(RpcTimeout.scala:76)
	at org.apache.spark.rpc.RpcEndpointRef.askWithRetry(RpcEndpointRef.scala:101)
	at org.apache.spark.rpc.RpcEndpointRef.askWithRetry(RpcEndpointRef.scala:77)
	at org.apache.spark.executor.Executor.org$apache$spark$executor$Executor$$reportHeartBeat(Executor.scala:448)
	at org.apache.spark.executor.Executor$$anon$1$$anonfun$run$1.apply$mcV$sp(Executor.scala:468)
	at org.apache.spark.executor.Executor$$anon$1$$anonfun$run$1.apply(Executor.scala:468)
	at org.apache.spark.executor.Executor$$anon$1$$anonfun$run$1.apply(Executor.scala:468)
	at org.apache.spark.util.Utils$.logUncaughtExceptions(Utils.scala:1741)
	at org.apache.spark.executor.Executor$$anon$1.run(Executor.scala:468)
	at java.util.concurrent.Executors$RunnableAdapter.call(Executors.java:471)
	at java.util.concurrent.FutureTask.runAndReset(FutureTask.java:304)
	at java.util.concurrent.ScheduledThreadPoolExecutor$ScheduledFutureTask.access$301(ScheduledThreadPoolExecutor.java:178)
	at java.util.concurrent.ScheduledThreadPoolExecutor$ScheduledFutureTask.run(ScheduledThreadPoolExecutor.java:293)
	at java.util.concurrent.ThreadPoolExecutor.runWorker(ThreadPoolExecutor.java:1145)
	at java.util.concurrent.ThreadPoolExecutor$Worker.run(ThreadPoolExecutor.java:615)
	at java.lang.Thread.run(Thread.java:745)
Caused by: java.util.concurrent.TimeoutException: Futures timed out after [120 seconds]
	at scala.concurrent.impl.Promise$DefaultPromise.ready(Promise.scala:219)
	at scala.concurrent.impl.Promise$DefaultPromise.result(Promise.scala:223)
	at scala.concurrent.Await$$anonfun$result$1.apply(package.scala:107)
	at scala.concurrent.BlockContext$DefaultBlockContext$.blockOn(BlockContext.scala:53)
	at scala.concurrent.Await$.result(package.scala:107)
	at org.apache.spark.rpc.RpcTimeout.awaitResult(RpcTimeout.scala:75)
	... 15 more
17/06/09 17:35:12 WARN executor.CoarseGrainedExecutorBackend: An unknown (mesos-master-1:33750) driver disconnected.
17/06/09 17:35:12 ERROR executor.CoarseGrainedExecutorBackend: Driver 10.10.34.11:33750 disassociated! Shutting down.
17/06/09 17:35:12 INFO storage.DiskBlockManager: Shutdown hook called
17/06/09 17:35:12 INFO util.ShutdownHookManager: Shutdown hook called
